<?xml version="1.0" encoding="UTF-8"?>
<!-- Generated by org.testng.reporters.JUnitXMLReporter -->
<testsuite ignored="0" hostname="Mohammed-Alam" failures="0" tests="100" name="Default test" time="0.658" errors="0" timestamp="2022-05-08T11:28:07 EDT">
  <testcase classname="com.usa.testng.TestNGRunMultipleTimes" name="getEmployees" time="0.047"/>
  <testcase classname="com.usa.testng.TestNGRunMultipleTimes" name="getEmployees" time="0.003"/>
  <testcase classname="com.usa.testng.TestNGRunMultipleTimes" name="getEmployees" time="0.005"/>
  <testcase classname="com.usa.testng.TestNGRunMultipleTimes" name="getEmployees" time="0.002"/>
  <testcase classname="com.usa.testng.TestNGRunMultipleTimes" name="getEmployees" time="0.002"/>
  <testcase classname="com.usa.testng.TestNGRunMultipleTimes" name="getEmployees" time="0.001"/>
  <testcase classname="com.usa.testng.TestNGRunMultipleTimes" name="getEmployees" time="0.002"/>
  <testcase classname="com.usa.testng.TestNGRunMultipleTimes" name="getEmployees" time="0.002"/>
  <testcase classname="com.usa.testng.TestNGRunMultipleTimes" name="getEmployees" time="0.003"/>
  <testcase classname="com.usa.testng.TestNGRunMultipleTimes" name="getEmployees" time="0.002"/>
  <testcase classname="com.usa.testng.TestNGRunMultipleTimes" name="getEmployees" time="0.001"/>
  <testcase classname="com.usa.testng.TestNGRunMultipleTimes" name="getEmployees" time="0.001"/>
  <testcase classname="com.usa.testng.TestNGRunMultipleTimes" name="getEmployees" time="0.002"/>
  <testcase classname="com.usa.testng.TestNGRunMultipleTimes" name="getEmployees" time="0.001"/>
  <testcase classname="com.usa.testng.TestNGRunMultipleTimes" name="getEmployees" time="0.001"/>
  <testcase classname="com.usa.testng.TestNGRunMultipleTimes" name="getEmployees" time="0.005"/>
  <testcase classname="com.usa.testng.TestNGRunMultipleTimes" name="getEmployees" time="0.002"/>
  <testcase classname="com.usa.testng.TestNGRunMultipleTimes" name="getEmployees" time="0.001"/>
  <testcase classname="com.usa.testng.TestNGRunMultipleTimes" name="getEmployees" time="0.003"/>
  <testcase classname="com.usa.testng.TestNGRunMultipleTimes" name="getEmployees" time="0.001"/>
  <testcase classname="com.usa.testng.TestNGRunMultipleTimes" name="getEmployees" time="0.001"/>
  <testcase classname="com.usa.testng.TestNGRunMultipleTimes" name="getEmployees" time="0.002"/>
  <testcase classname="com.usa.testng.TestNGRunMultipleTimes" name="getEmployees" time="0.003"/>
  <testcase classname="com.usa.testng.TestNGRunMultipleTimes" name="getEmployees" time="0.0"/>
  <testcase classname="com.usa.testng.TestNGRunMultipleTimes" name="getEmployees" time="0.001"/>
  <testcase classname="com.usa.testng.TestNGRunMultipleTimes" name="getEmployees" time="0.001"/>
  <testcase classname="com.usa.testng.TestNGRunMultipleTimes" name="getEmployees" time="0.001"/>
  <testcase classname="com.usa.testng.TestNGRunMultipleTimes" name="getEmployees" time="0.002"/>
  <testcase classname="com.usa.testng.TestNGRunMultipleTimes" name="getEmployees" time="0.001"/>
  <testcase classname="com.usa.testng.TestNGRunMultipleTimes" name="getEmployees" time="0.002"/>
  <testcase classname="com.usa.testng.TestNGRunMultipleTimes" name="getEmployees" time="0.002"/>
  <testcase classname="com.usa.testng.TestNGRunMultipleTimes" name="getEmployees" time="0.002"/>
  <testcase classname="com.usa.testng.TestNGRunMultipleTimes" name="getEmployees" time="0.001"/>
  <testcase classname="com.usa.testng.TestNGRunMultipleTimes" name="getEmployees" time="0.001"/>
  <testcase classname="com.usa.testng.TestNGRunMultipleTimes" name="getEmployees" time="0.001"/>
  <testcase classname="com.usa.testng.TestNGRunMultipleTimes" name="getEmployees" time="0.0"/>
  <testcase classname="com.usa.testng.TestNGRunMultipleTimes" name="getEmployees" time="0.001"/>
  <testcase classname="com.usa.testng.TestNGRunMultipleTimes" name="getEmployees" time="0.001"/>
  <testcase classname="com.usa.testng.TestNGRunMultipleTimes" name="getEmployees" time="0.011"/>
  <testcase classname="com.usa.testng.TestNGRunMultipleTimes" name="getEmployees" time="0.001"/>
  <testcase classname="com.usa.testng.TestNGRunMultipleTimes" name="getEmployees" time="0.002"/>
  <testcase classname="com.usa.testng.TestNGRunMultipleTimes" name="getEmployees" time="0.003"/>
  <testcase classname="com.usa.testng.TestNGRunMultipleTimes" name="getEmployees" time="0.003"/>
  <testcase classname="com.usa.testng.TestNGRunMultipleTimes" name="getEmployees" time="0.001"/>
  <testcase classname="com.usa.testng.TestNGRunMultipleTimes" name="getEmployees" time="0.001"/>
  <testcase classname="com.usa.testng.TestNGRunMultipleTimes" name="getEmployees" time="0.0"/>
  <testcase classname="com.usa.testng.TestNGRunMultipleTimes" name="getEmployees" time="0.001"/>
  <testcase classname="com.usa.testng.TestNGRunMultipleTimes" name="getEmployees" time="0.002"/>
  <testcase classname="com.usa.testng.TestNGRunMultipleTimes" name="getEmployees" time="0.0"/>
  <testcase classname="com.usa.testng.TestNGRunMultipleTimes" name="getEmployees" time="0.001"/>
  <testcase classname="com.usa.testng.TestNGRunMultipleTimes" name="getEmployees" time="0.0"/>
  <testcase classname="com.usa.testng.TestNGRunMultipleTimes" name="getEmployees" time="0.001"/>
  <testcase classname="com.usa.testng.TestNGRunMultipleTimes" name="getEmployees" time="0.001"/>
  <testcase classname="com.usa.testng.TestNGRunMultipleTimes" name="getEmployees" time="0.0"/>
  <testcase classname="com.usa.testng.TestNGRunMultipleTimes" name="getEmployees" time="0.001"/>
  <testcase classname="com.usa.testng.TestNGRunMultipleTimes" name="getEmployees" time="0.001"/>
  <testcase classname="com.usa.testng.TestNGRunMultipleTimes" name="getEmployees" time="0.001"/>
  <testcase classname="com.usa.testng.TestNGRunMultipleTimes" name="getEmployees" time="0.002"/>
  <testcase classname="com.usa.testng.TestNGRunMultipleTimes" name="getEmployees" time="0.001"/>
  <testcase classname="com.usa.testng.TestNGRunMultipleTimes" name="getEmployees" time="0.028"/>
  <testcase classname="com.usa.testng.TestNGRunMultipleTimes" name="getEmployees" time="0.004"/>
  <testcase classname="com.usa.testng.TestNGRunMultipleTimes" name="getEmployees" time="0.001"/>
  <testcase classname="com.usa.testng.TestNGRunMultipleTimes" name="getEmployees" time="0.005"/>
  <testcase classname="com.usa.testng.TestNGRunMultipleTimes" name="getEmployees" time="0.001"/>
  <testcase classname="com.usa.testng.TestNGRunMultipleTimes" name="getEmployees" time="0.001"/>
  <testcase classname="com.usa.testng.TestNGRunMultipleTimes" name="getEmployees" time="0.0"/>
  <testcase classname="com.usa.testng.TestNGRunMultipleTimes" name="getEmployees" time="0.001"/>
  <testcase classname="com.usa.testng.TestNGRunMultipleTimes" name="getEmployees" time="0.001"/>
  <testcase classname="com.usa.testng.TestNGRunMultipleTimes" name="getEmployees" time="0.001"/>
  <testcase classname="com.usa.testng.TestNGRunMultipleTimes" name="getEmployees" time="0.0"/>
  <testcase classname="com.usa.testng.TestNGRunMultipleTimes" name="getEmployees" time="0.001"/>
  <testcase classname="com.usa.testng.TestNGRunMultipleTimes" name="getEmployees" time="0.001"/>
  <testcase classname="com.usa.testng.TestNGRunMultipleTimes" name="getEmployees" time="0.001"/>
  <testcase classname="com.usa.testng.TestNGRunMultipleTimes" name="getEmployees" time="0.004"/>
  <testcase classname="com.usa.testng.TestNGRunMultipleTimes" name="getEmployees" time="0.003"/>
  <testcase classname="com.usa.testng.TestNGRunMultipleTimes" name="getEmployees" time="0.001"/>
  <testcase classname="com.usa.testng.TestNGRunMultipleTimes" name="getEmployees" time="0.001"/>
  <testcase classname="com.usa.testng.TestNGRunMultipleTimes" name="getEmployees" time="0.001"/>
  <testcase classname="com.usa.testng.TestNGRunMultipleTimes" name="getEmployees" time="0.001"/>
  <testcase classname="com.usa.testng.TestNGRunMultipleTimes" name="getEmployees" time="0.002"/>
  <testcase classname="com.usa.testng.TestNGRunMultipleTimes" name="getEmployees" time="0.002"/>
  <testcase classname="com.usa.testng.TestNGRunMultipleTimes" name="getEmployees" time="0.001"/>
  <testcase classname="com.usa.testng.TestNGRunMultipleTimes" name="getEmployees" time="0.001"/>
  <testcase classname="com.usa.testng.TestNGRunMultipleTimes" name="getEmployees" time="0.0"/>
  <testcase classname="com.usa.testng.TestNGRunMultipleTimes" name="getEmployees" time="0.002"/>
  <testcase classname="com.usa.testng.TestNGRunMultipleTimes" name="getEmployees" time="0.003"/>
  <testcase classname="com.usa.testng.TestNGRunMultipleTimes" name="getEmployees" time="0.0"/>
  <testcase classname="com.usa.testng.TestNGRunMultipleTimes" name="getEmployees" time="0.0"/>
  <testcase classname="com.usa.testng.TestNGRunMultipleTimes" name="getEmployees" time="0.001"/>
  <testcase classname="com.usa.testng.TestNGRunMultipleTimes" name="getEmployees" time="0.0"/>
  <testcase classname="com.usa.testng.TestNGRunMultipleTimes" name="getEmployees" time="0.001"/>
  <testcase classname="com.usa.testng.TestNGRunMultipleTimes" name="getEmployees" time="0.004"/>
  <testcase classname="com.usa.testng.TestNGRunMultipleTimes" name="getEmployees" time="0.001"/>
  <testcase classname="com.usa.testng.TestNGRunMultipleTimes" name="getEmployees" time="0.002"/>
  <testcase classname="com.usa.testng.TestNGRunMultipleTimes" name="getEmployees" time="0.002"/>
  <testcase classname="com.usa.testng.TestNGRunMultipleTimes" name="getEmployees" time="0.001"/>
  <testcase classname="com.usa.testng.TestNGRunMultipleTimes" name="getEmployees" time="0.001"/>
  <testcase classname="com.usa.testng.TestNGRunMultipleTimes" name="getEmployees" time="0.004"/>
  <testcase classname="com.usa.testng.TestNGRunMultipleTimes" name="getEmployees" time="0.001"/>
  <testcase classname="com.usa.testng.TestNGRunMultipleTimes" name="getEmployees" time="0.002"/>
</testsuite> <!-- Default test -->
