<?xml version="1.0" encoding="UTF-8"?>
<!-- Generated by org.testng.reporters.JUnitXMLReporter -->
<testsuite ignored="0" hostname="Mohammed-Alam" failures="0" tests="6" name="Default test" time="0.076" errors="0" timestamp="2022-04-03T13:18:23 EDT">
  <testcase classname="coding.challenges.RemoveDuplicates" name="getBreakWords" time="0.007"/>
  <testcase classname="coding.challenges.RemoveDuplicates" name="getCompareData" time="0.009"/>
  <testcase classname="coding.challenges.RemoveDuplicates" name="getConvertDataType" time="0.002"/>
  <testcase classname="coding.challenges.RemoveDuplicates" name="getFindOutDuplicateFromStrings" time="0.003"/>
  <testcase classname="coding.challenges.RemoveDuplicates" name="getReveresString" time="0.002"/>
  <testcase classname="coding.challenges.RemoveDuplicates" name="getSecondHighestNumber" time="0.002"/>
</testsuite> <!-- Default test -->
