<?xml version="1.0" encoding="UTF-8"?>
<testng-results ignored="0" total="1" passed="1" failed="0" skipped="0">
  <reporter-output>
  </reporter-output>
  <suite started-at="2022-03-27T19:19:21 EDT" name="Default suite" finished-at="2022-03-27T19:19:21 EDT" duration-ms="72">
    <groups>
    </groups>
    <test started-at="2022-03-27T19:19:21 EDT" name="Default test" finished-at="2022-03-27T19:19:21 EDT" duration-ms="72">
      <class name="com.usa.collections.List_Interface">
        <test-method signature="getArrayList()[pri:0, instance:com.usa.collections.List_Interface@5fb759d6]" started-at="2022-03-27T19:19:21 EDT" name="getArrayList" finished-at="2022-03-27T19:19:21 EDT" duration-ms="14" status="PASS">
          <reporter-output>
          </reporter-output>
        </test-method> <!-- getArrayList -->
      </class> <!-- com.usa.collections.List_Interface -->
    </test> <!-- Default test -->
  </suite> <!-- Default suite -->
</testng-results>
