<?xml version="1.0" encoding="UTF-8"?>
<testng-results ignored="0" total="6" passed="6" failed="0" skipped="0">
  <reporter-output>
  </reporter-output>
  <suite started-at="2022-04-03T13:18:22 EDT" name="Default suite" finished-at="2022-04-03T13:18:23 EDT" duration-ms="76">
    <groups>
    </groups>
    <test started-at="2022-04-03T13:18:22 EDT" name="Default test" finished-at="2022-04-03T13:18:23 EDT" duration-ms="76">
      <class name="coding.challenges.RemoveDuplicates">
        <test-method signature="getBreakWords()[pri:0, instance:coding.challenges.RemoveDuplicates@15888343]" started-at="2022-04-03T13:18:23 EDT" name="getBreakWords" finished-at="2022-04-03T13:18:23 EDT" duration-ms="7" status="PASS">
          <reporter-output>
          </reporter-output>
        </test-method> <!-- getBreakWords -->
        <test-method signature="getCompareData()[pri:0, instance:coding.challenges.RemoveDuplicates@15888343]" started-at="2022-04-03T13:18:23 EDT" name="getCompareData" finished-at="2022-04-03T13:18:23 EDT" duration-ms="9" status="PASS">
          <reporter-output>
          </reporter-output>
        </test-method> <!-- getCompareData -->
        <test-method signature="getConvertDataType()[pri:0, instance:coding.challenges.RemoveDuplicates@15888343]" started-at="2022-04-03T13:18:23 EDT" name="getConvertDataType" finished-at="2022-04-03T13:18:23 EDT" duration-ms="2" status="PASS">
          <reporter-output>
          </reporter-output>
        </test-method> <!-- getConvertDataType -->
        <test-method signature="getFindOutDuplicateFromStrings()[pri:0, instance:coding.challenges.RemoveDuplicates@15888343]" started-at="2022-04-03T13:18:23 EDT" name="getFindOutDuplicateFromStrings" finished-at="2022-04-03T13:18:23 EDT" duration-ms="3" status="PASS">
          <reporter-output>
          </reporter-output>
        </test-method> <!-- getFindOutDuplicateFromStrings -->
        <test-method signature="getReveresString()[pri:0, instance:coding.challenges.RemoveDuplicates@15888343]" started-at="2022-04-03T13:18:23 EDT" name="getReveresString" finished-at="2022-04-03T13:18:23 EDT" duration-ms="2" status="PASS">
          <reporter-output>
          </reporter-output>
        </test-method> <!-- getReveresString -->
        <test-method signature="getSecondHighestNumber()[pri:0, instance:coding.challenges.RemoveDuplicates@15888343]" started-at="2022-04-03T13:18:23 EDT" name="getSecondHighestNumber" finished-at="2022-04-03T13:18:23 EDT" duration-ms="2" status="PASS">
          <reporter-output>
          </reporter-output>
        </test-method> <!-- getSecondHighestNumber -->
      </class> <!-- coding.challenges.RemoveDuplicates -->
    </test> <!-- Default test -->
  </suite> <!-- Default suite -->
</testng-results>
